<?xml version="1.0" encoding="UTF-8"?>
<testsuite xmlns:xsi="http://www.w3.org/2001/XMLSchema-instance" xsi:noNamespaceSchemaLocation="https://maven.apache.org/surefire/maven-surefire-plugin/xsd/surefire-test-report-3.0.xsd" version="3.0" name="com.wuyimall.test.AuthServiceTest" time="13.173" tests="1" errors="0" skipped="0" failures="0">
  <properties>
[...]
</properties>
  <testcase name="register_shouldCreateUserSuccessfully" classname="com.wuyimall.test.AuthServiceTest" time="2.42">
    <system-out><![CDATA[11:36:05.425 [main] INFO org.springframework.test.context.support.AnnotationConfigContextLoaderUtils -- Could not detect default configuration classes for test class [com.wuyimall.test.AuthServiceTest]: AuthServiceTest does not declare any static, non-private, non-final, nested classes annotated with @Configuration.
11:36:05.635 [main] INFO org.springframework.boot.test.context.SpringBootTestContextBootstrapper -- Found @SpringBootConfiguration com.wuyimall.WuyiMallApplication for test class com.wuyimall.test.AuthServiceTest

  .   ____          _            __ _ _
 /\\ / ___'_ __ _ _(_)_ __  __ _ \ \ \ \
( ( )\___ | '_ | '_| | '_ \/ _` | \ \ \ \
 \\/  ___)| |_)| | | | | || (_| |  ) ) ) )
  '  |____| .__|_| |_|_| |_\__, | / / / /
 =========|_|==============|___/=/_/_/_/
 :: Spring Boot ::                (v3.2.0)

2025-12-15T11:36:06.407+08:00  INFO 9476 --- [wuyi-mall] [           main] com.wuyimall.test.AuthServiceTest        : Starting AuthServiceTest using Java 17.0.13 with PID 9476 (started by 13670 in D:\Java_program\wuyi_mall\backend)
2025-12-15T11:36:06.408+08:00  INFO 9476 --- [wuyi-mall] [           main] com.wuyimall.test.AuthServiceTest        : No active profile set, falling back to 1 default profile: "default"
2025-12-15T11:36:07.758+08:00  INFO 9476 --- [wuyi-mall] [           main] .s.d.r.c.RepositoryConfigurationDelegate : Bootstrapping Spring Data JPA repositories in DEFAULT mode.
2025-12-15T11:36:07.899+08:00  INFO 9476 --- [wuyi-mall] [           main] .s.d.r.c.RepositoryConfigurationDelegate : Finished Spring Data repository scanning in 122 ms. Found 8 JPA repository interfaces.
2025-12-15T11:36:08.805+08:00  INFO 9476 --- [wuyi-mall] [           main] o.hibernate.jpa.internal.util.LogHelper  : HHH000204: Processing PersistenceUnitInfo [name: default]
2025-12-15T11:36:08.985+08:00  INFO 9476 --- [wuyi-mall] [           main] org.hibernate.Version                    : HHH000412: Hibernate ORM core version 6.3.1.Final
2025-12-15T11:36:09.081+08:00  INFO 9476 --- [wuyi-mall] [           main] o.h.c.internal.RegionFactoryInitiator    : HHH000026: Second-level cache disabled
2025-12-15T11:36:09.971+08:00  INFO 9476 --- [wuyi-mall] [           main] o.s.o.j.p.SpringPersistenceUnitInfo      : No LoadTimeWeaver setup: ignoring JPA class transformer
2025-12-15T11:36:10.050+08:00  INFO 9476 --- [wuyi-mall] [           main] com.zaxxer.hikari.HikariDataSource       : HikariPool-1 - Starting...
2025-12-15T11:36:10.554+08:00  INFO 9476 --- [wuyi-mall] [           main] com.zaxxer.hikari.pool.HikariPool        : HikariPool-1 - Added connection com.mysql.cj.jdbc.ConnectionImpl@6c70b7c3
2025-12-15T11:36:10.558+08:00  INFO 9476 --- [wuyi-mall] [           main] com.zaxxer.hikari.HikariDataSource       : HikariPool-1 - Start completed.
2025-12-15T11:36:12.713+08:00  INFO 9476 --- [wuyi-mall] [           main] o.h.e.t.j.p.i.JtaPlatformInitiator       : HHH000489: No JTA platform available (set 'hibernate.transaction.jta.platform' to enable JTA platform integration)
2025-12-15T11:36:12.897+08:00  INFO 9476 --- [wuyi-mall] [           main] j.LocalContainerEntityManagerFactoryBean : Initialized JPA EntityManagerFactory for persistence unit 'default'
2025-12-15T11:36:14.125+08:00  WARN 9476 --- [wuyi-mall] [           main] JpaBaseConfiguration$JpaWebConfiguration : spring.jpa.open-in-view is enabled by default. Therefore, database queries may be performed during view rendering. Explicitly configure spring.jpa.open-in-view to disable this warning
2025-12-15T11:36:14.178+08:00  WARN 9476 --- [wuyi-mall] [           main] .s.s.UserDetailsServiceAutoConfiguration : 

Using generated security password: a2c55eb0-0fe5-4f65-b79b-5e77d799f47d

This generated password is for development use only. Your security configuration must be updated before running your application in production.

2025-12-15T11:36:14.862+08:00  INFO 9476 --- [wuyi-mall] [           main] o.s.s.web.DefaultSecurityFilterChain     : Will secure any request with [org.springframework.security.web.session.DisableEncodeUrlFilter@58fbecde, org.springframework.security.web.context.request.async.WebAsyncManagerIntegrationFilter@299615a5, org.springframework.security.web.context.SecurityContextHolderFilter@5cb3cfef, org.springframework.security.web.header.HeaderWriterFilter@344f4a82, org.springframework.web.filter.CorsFilter@722d3ddb, org.springframework.security.web.authentication.logout.LogoutFilter@20ee660b, com.wuyimall.config.JwtAuthFilter@13b5598b, org.springframework.security.web.savedrequest.RequestCacheAwareFilter@197da701, org.springframework.security.web.servletapi.SecurityContextHolderAwareRequestFilter@35fd03d9, org.springframework.security.web.authentication.AnonymousAuthenticationFilter@3ba6707e, org.springframework.security.web.session.SessionManagementFilter@73543048, org.springframework.security.web.access.ExceptionTranslationFilter@33293b34, org.springframework.security.web.access.intercept.AuthorizationFilter@106c3e0a]
2025-12-15T11:36:15.455+08:00  INFO 9476 --- [wuyi-mall] [           main] com.wuyimall.test.AuthServiceTest        : Started AuthServiceTest in 9.567 seconds (process running for 11.471)
Hibernate: select u1_0.id,u1_0.address,u1_0.avatar,u1_0.create_time,u1_0.is_admin,u1_0.name,u1_0.nickname,u1_0.password,u1_0.phone,u1_0.status,u1_0.username from user u1_0 where u1_0.username=?
Admin user already exists!
Hibernate: select u1_0.id,u1_0.address,u1_0.avatar,u1_0.create_time,u1_0.is_admin,u1_0.name,u1_0.nickname,u1_0.password,u1_0.phone,u1_0.status,u1_0.username from user u1_0 where u1_0.username=?
Hibernate: insert into user (address,avatar,is_admin,name,nickname,password,phone,status,username) values (?,?,?,?,?,?,?,?,?)
Hibernate: select u1_0.id,u1_0.address,u1_0.avatar,u1_0.create_time,u1_0.is_admin,u1_0.name,u1_0.nickname,u1_0.password,u1_0.phone,u1_0.status,u1_0.username from user u1_0 where u1_0.username=?
Hibernate: select u1_0.id,u1_0.address,u1_0.avatar,u1_0.create_time,u1_0.is_admin,u1_0.name,u1_0.nickname,u1_0.password,u1_0.phone,u1_0.status,u1_0.username from user u1_0 where u1_0.id=?
Hibernate: delete from user where id=?
]]></system-out>
  </testcase>
</testsuite>