<?xml version="1.0" encoding="UTF-8"?>
<testsuite xmlns:xsi="http://www.w3.org/2001/XMLSchema-instance" xsi:noNamespaceSchemaLocation="https://maven.apache.org/surefire/maven-surefire-plugin/xsd/surefire-test-report-3.0.xsd" version="3.0" name="com.wuyimall.test.OrderCreateTest" time="0.257" tests="1" errors="1" skipped="0" failures="0">
  <properties>
[...]
</properties>
  <testcase name="testCreateOrderWithReceiverInfo" classname="com.wuyimall.test.OrderCreateTest" time="0.173">
    <error message="商品不存在：测试商品1" type="java.lang.RuntimeException"><![CDATA[java.lang.RuntimeException: 商品不存在：测试商品1
	at com.wuyimall.service.impl.OrderServiceImpl.createOrder(OrderServiceImpl.java:154)
	at java.base/jdk.internal.reflect.NativeMethodAccessorImpl.invoke0(Native Method)
	at java.base/jdk.internal.reflect.NativeMethodAccessorImpl.invoke(NativeMethodAccessorImpl.java:77)
	at java.base/jdk.internal.reflect.DelegatingMethodAccessorImpl.invoke(DelegatingMethodAccessorImpl.java:43)
	at java.base/java.lang.reflect.Method.invoke(Method.java:568)
	at org.springframework.aop.support.AopUtils.invokeJoinpointUsingReflection(AopUtils.java:352)
	at org.springframework.aop.framework.ReflectiveMethodInvocation.invokeJoinpoint(ReflectiveMethodInvocation.java:196)
	at org.springframework.aop.framework.ReflectiveMethodInvocation.proceed(ReflectiveMethodInvocation.java:163)
	at org.springframework.aop.framework.CglibAopProxy$CglibMethodInvocation.proceed(CglibAopProxy.java:765)
	at org.springframework.transaction.interceptor.TransactionInterceptor$1.proceedWithInvocation(TransactionInterceptor.java:123)
	at org.springframework.transaction.interceptor.TransactionAspectSupport.invokeWithinTransaction(TransactionAspectSupport.java:385)
	at org.springframework.transaction.interceptor.TransactionInterceptor.invoke(TransactionInterceptor.java:119)
	at org.springframework.aop.framework.ReflectiveMethodInvocation.proceed(ReflectiveMethodInvocation.java:184)
	at org.springframework.aop.framework.CglibAopProxy$CglibMethodInvocation.proceed(CglibAopProxy.java:765)
	at org.springframework.aop.framework.CglibAopProxy$DynamicAdvisedInterceptor.intercept(CglibAopProxy.java:717)
	at com.wuyimall.service.impl.OrderServiceImpl$$SpringCGLIB$$0.createOrder(<generated>)
	at com.wuyimall.test.OrderCreateTest.testCreateOrderWithReceiverInfo(OrderCreateTest.java:48)
	at java.base/java.lang.reflect.Method.invoke(Method.java:568)
	at java.base/java.util.ArrayList.forEach(ArrayList.java:1511)
	at java.base/java.util.ArrayList.forEach(ArrayList.java:1511)
]]></error>
    <system-out><![CDATA[2025-12-15T11:36:18.311+08:00  INFO 9476 --- [wuyi-mall] [           main] t.c.s.AnnotationConfigContextLoaderUtils : Could not detect default configuration classes for test class [com.wuyimall.test.OrderCreateTest]: OrderCreateTest does not declare any static, non-private, non-final, nested classes annotated with @Configuration.
2025-12-15T11:36:18.327+08:00  INFO 9476 --- [wuyi-mall] [           main] .b.t.c.SpringBootTestContextBootstrapper : Found @SpringBootConfiguration com.wuyimall.WuyiMallApplication for test class com.wuyimall.test.OrderCreateTest
Hibernate: select p1_0.id,p1_0.category_id,p1_0.description,p1_0.main_image,p1_0.name,p1_0.price,p1_0.status,p1_0.stock from product p1_0 where p1_0.id=?
]]></system-out>
  </testcase>
</testsuite>